Build started 4/23/2010 1:57:55 AM.
     1>Project "C:\Users\brober12\Documents\Class\CS-481\True Perspective\Render\RenderQueue.vcxproj" on node 25 (rebuild target(s)).
     1>_PrepareForClean:
         Deleting file "Release\RenderQueue.lastbuildstate".
       _PrepareForBuild:
         Creating "Release\RenderQueue.unsuccessfulbuild" because "AlwaysCreate" was specified.
       ClCompile:
         C:\Program Files\Microsoft Visual Studio 10.0\VC\bin\CL.exe /c /Zi /nologo /W3 /WX- /O2 /Oi /Oy- /GL /D WIN32 /D NDEBUG /D _WINDOWS /D _UNICODE /D UNICODE /Gm- /EHsc /MD /GS /Gy /fp:precise /Zc:wchar_t /Zc:forScope /Fo"Release\\" /Fd"Release\vc100.pdb" /Gd /TP /analyze- /errorReport:prompt handlers.cpp KeyboardManager.cpp NetworkException.cpp nhz_common.cpp ObjectDetector.cpp Orientation.cpp PixelPadder.cpp Renderable.cpp RenderQueue.cpp ServerSocket.cpp Socket.cpp TCPSocket.cpp TruePerspective.cpp
         handlers.cpp
     1>c:\users\brober12\documents\class\cs-481\true perspective\render\NetworkException.h(24): error C2365: 'NetworkException::message' : redefinition; previous definition was 'member function'
                 c:\users\brober12\documents\class\cs-481\true perspective\render\NetworkException.h(20) : see declaration of 'NetworkException::message'
         KeyboardManager.cpp
         NetworkException.cpp
     1>c:\users\brober12\documents\class\cs-481\true perspective\render\NetworkException.h(24): error C2365: 'NetworkException::message' : redefinition; previous definition was 'member function'
                 c:\users\brober12\documents\class\cs-481\true perspective\render\NetworkException.h(20) : see declaration of 'NetworkException::message'
     1>NetworkException.cpp(4): error C2659: '=' : function as left operand
     1>NetworkException.cpp(8): error C2659: '=' : function as left operand
     1>NetworkException.cpp(12): error C2228: left of '.c_str' must have class/struct/union
     1>NetworkException.cpp(16): error C2228: left of '.c_str' must have class/struct/union
         nhz_common.cpp
         ObjectDetector.cpp
         Orientation.cpp
     1>c:\users\brober12\documents\class\cs-481\true perspective\render\NetworkException.h(24): error C2365: 'NetworkException::message' : redefinition; previous definition was 'member function'
                 c:\users\brober12\documents\class\cs-481\true perspective\render\NetworkException.h(20) : see declaration of 'NetworkException::message'
         PixelPadder.cpp
         Renderable.cpp
         RenderQueue.cpp
         ServerSocket.cpp
     1>c:\users\brober12\documents\class\cs-481\true perspective\render\NetworkException.h(24): error C2365: 'NetworkException::message' : redefinition; previous definition was 'member function'
                 c:\users\brober12\documents\class\cs-481\true perspective\render\NetworkException.h(20) : see declaration of 'NetworkException::message'
         Socket.cpp
     1>c:\users\brober12\documents\class\cs-481\true perspective\render\NetworkException.h(24): error C2365: 'NetworkException::message' : redefinition; previous definition was 'member function'
                 c:\users\brober12\documents\class\cs-481\true perspective\render\NetworkException.h(20) : see declaration of 'NetworkException::message'
         TCPSocket.cpp
     1>c:\users\brober12\documents\class\cs-481\true perspective\render\NetworkException.h(24): error C2365: 'NetworkException::message' : redefinition; previous definition was 'member function'
                 c:\users\brober12\documents\class\cs-481\true perspective\render\NetworkException.h(20) : see declaration of 'NetworkException::message'
         TruePerspective.cpp
     1>Done Building Project "C:\Users\brober12\Documents\Class\CS-481\True Perspective\Render\RenderQueue.vcxproj" (rebuild target(s)) -- FAILED.

Build FAILED.

Time Elapsed 00:00:13.74
