Build started 4/23/2010 2:37:29 AM.
     1>Project "C:\Users\brober12\Documents\Class\CS-481\True Perspective\Render\RenderQueue.vcxproj" on node 39 (rebuild target(s)).
     1>_PrepareForClean:
         Deleting file "Release\RenderQueue.lastbuildstate".
       _PrepareForBuild:
         Creating "Release\RenderQueue.unsuccessfulbuild" because "AlwaysCreate" was specified.
       ClCompile:
         C:\Program Files\Microsoft Visual Studio 10.0\VC\bin\CL.exe /c /Zi /nologo /W3 /WX- /O2 /Oi /Oy- /GL /D WIN32 /D NDEBUG /D _WINDOWS /D _UNICODE /D UNICODE /Gm- /EHsc /MD /GS /Gy /fp:precise /Zc:wchar_t /Zc:forScope /Fo"Release\\" /Fd"Release\vc100.pdb" /Gd /TP /analyze- /errorReport:prompt handlers.cpp KeyboardManager.cpp NetworkException.cpp nhz_common.cpp ObjectDetector.cpp Orientation.cpp PixelPadder.cpp Renderable.cpp RenderQueue.cpp ServerSocket.cpp Socket.cpp TCPSocket.cpp TruePerspective.cpp
         handlers.cpp
         KeyboardManager.cpp
         NetworkException.cpp
         nhz_common.cpp
         ObjectDetector.cpp
         Orientation.cpp
     1>c:\users\brober12\documents\class\cs-481\true perspective\render\TCPSocket.h(30): error C2079: 'TCPSocket::_hints' uses undefined struct 'addrinfo'
         PixelPadder.cpp
         Renderable.cpp
         RenderQueue.cpp
         ServerSocket.cpp
     1>ServerSocket.cpp(19): warning C4101: 'ptr' : unreferenced local variable
         Socket.cpp
         TCPSocket.cpp
         TruePerspective.cpp
     1>Done Building Project "C:\Users\brober12\Documents\Class\CS-481\True Perspective\Render\RenderQueue.vcxproj" (rebuild target(s)) -- FAILED.

Build FAILED.

Time Elapsed 00:00:12.04
